{"C:\\Users\\Zim\\Desktop\\Coding\\SCACloudSchool-project-api\\config.js": {"path":"C:\\Users\\Zim\\Desktop\\Coding\\SCACloudSchool-project-api\\config.js","statementMap":{"0":{"start":{"line":8,"column":0},"end":{"line":8,"column":32}},"1":{"start":{"line":10,"column":21},"end":{"line":23,"column":1}},"2":{"start":{"line":25,"column":19},"end":{"line":25,"column":88}},"3":{"start":{"line":26,"column":28},"end":{"line":26,"column":119}},"4":{"start":{"line":29,"column":0},"end":{"line":39,"column":2}}},"fnMap":{},"branchMap":{"0":{"loc":{"start":{"line":25,"column":19},"end":{"line":25,"column":88}},"type":"cond-expr","locations":[{"start":{"line":25,"column":63},"end":{"line":25,"column":83}},{"start":{"line":25,"column":86},"end":{"line":25,"column":88}}],"line":25},"1":{"loc":{"start":{"line":26,"column":28},"end":{"line":26,"column":119}},"type":"cond-expr","locations":[{"start":{"line":26,"column":76},"end":{"line":26,"column":100}},{"start":{"line":26,"column":103},"end":{"line":26,"column":119}}],"line":26}},"s":{"0":4,"1":4,"2":4,"3":4,"4":4},"f":{},"b":{"0":[4,0],"1":[4,0]},"_coverageSchema":"1a1c01bbd47fc00a2c39e90264f33305004495a9","hash":"7b0ab667a8ac913506e98cbd772c1224bacf5c87"}
,"C:\\Users\\Zim\\Desktop\\Coding\\SCACloudSchool-project-api\\routes.js": {"path":"C:\\Users\\Zim\\Desktop\\Coding\\SCACloudSchool-project-api\\routes.js","statementMap":{"0":{"start":{"line":2,"column":15},"end":{"line":2,"column":34}},"1":{"start":{"line":5,"column":16},"end":{"line":5,"column":34}},"2":{"start":{"line":6,"column":15},"end":{"line":6,"column":31}},"3":{"start":{"line":7,"column":15},"end":{"line":7,"column":39}},"4":{"start":{"line":8,"column":13},"end":{"line":8,"column":28}},"5":{"start":{"line":11,"column":15},"end":{"line":11,"column":46}},"6":{"start":{"line":12,"column":15},"end":{"line":12,"column":46}},"7":{"start":{"line":13,"column":16},"end":{"line":13,"column":48}},"8":{"start":{"line":14,"column":14},"end":{"line":14,"column":44}},"9":{"start":{"line":15,"column":16},"end":{"line":15,"column":48}},"10":{"start":{"line":18,"column":11},"end":{"line":27,"column":2}},"11":{"start":{"line":31,"column":0},"end":{"line":33,"column":3}},"12":{"start":{"line":32,"column":2},"end":{"line":32,"column":25}},"13":{"start":{"line":35,"column":0},"end":{"line":35,"column":60}},"14":{"start":{"line":37,"column":0},"end":{"line":37,"column":60}},"15":{"start":{"line":39,"column":0},"end":{"line":39,"column":55}},"16":{"start":{"line":40,"column":0},"end":{"line":40,"column":58}},"17":{"start":{"line":42,"column":0},"end":{"line":42,"column":52}},"18":{"start":{"line":43,"column":0},"end":{"line":43,"column":52}},"19":{"start":{"line":45,"column":0},"end":{"line":45,"column":55}},"20":{"start":{"line":48,"column":0},"end":{"line":70,"column":3}},"21":{"start":{"line":49,"column":17},"end":{"line":49,"column":27}},"22":{"start":{"line":50,"column":49},"end":{"line":50,"column":67}},"23":{"start":{"line":52,"column":2},"end":{"line":54,"column":3}},"24":{"start":{"line":53,"column":4},"end":{"line":53,"column":46}},"25":{"start":{"line":56,"column":2},"end":{"line":69,"column":7}},"26":{"start":{"line":65,"column":6},"end":{"line":65,"column":40}},"27":{"start":{"line":68,"column":6},"end":{"line":68,"column":71}},"28":{"start":{"line":73,"column":0},"end":{"line":81,"column":3}},"29":{"start":{"line":74,"column":17},"end":{"line":74,"column":27}},"30":{"start":{"line":75,"column":2},"end":{"line":80,"column":3}},"31":{"start":{"line":76,"column":25},"end":{"line":76,"column":68}},"32":{"start":{"line":77,"column":4},"end":{"line":77,"column":46}},"33":{"start":{"line":79,"column":4},"end":{"line":79,"column":70}},"34":{"start":{"line":84,"column":0},"end":{"line":96,"column":3}},"35":{"start":{"line":85,"column":17},"end":{"line":85,"column":27}},"36":{"start":{"line":87,"column":2},"end":{"line":95,"column":3}},"37":{"start":{"line":88,"column":26},"end":{"line":91,"column":12}},"38":{"start":{"line":92,"column":4},"end":{"line":92,"column":47}},"39":{"start":{"line":94,"column":4},"end":{"line":94,"column":71}},"40":{"start":{"line":98,"column":0},"end":{"line":107,"column":3}},"41":{"start":{"line":99,"column":17},"end":{"line":99,"column":27}},"42":{"start":{"line":101,"column":2},"end":{"line":106,"column":3}},"43":{"start":{"line":102,"column":26},"end":{"line":102,"column":79}},"44":{"start":{"line":103,"column":4},"end":{"line":103,"column":47}},"45":{"start":{"line":105,"column":4},"end":{"line":105,"column":66}},"46":{"start":{"line":109,"column":0},"end":{"line":109,"column":24}}},"fnMap":{"0":{"name":"(anonymous_0)","decl":{"start":{"line":31,"column":19},"end":{"line":31,"column":20}},"loc":{"start":{"line":31,"column":39},"end":{"line":33,"column":1}},"line":31},"1":{"name":"(anonymous_1)","decl":{"start":{"line":48,"column":40},"end":{"line":48,"column":41}},"loc":{"start":{"line":48,"column":54},"end":{"line":70,"column":1}},"line":48},"2":{"name":"(anonymous_2)","decl":{"start":{"line":64,"column":10},"end":{"line":64,"column":11}},"loc":{"start":{"line":64,"column":20},"end":{"line":66,"column":5}},"line":64},"3":{"name":"(anonymous_3)","decl":{"start":{"line":67,"column":11},"end":{"line":67,"column":12}},"loc":{"start":{"line":67,"column":20},"end":{"line":69,"column":5}},"line":67},"4":{"name":"(anonymous_4)","decl":{"start":{"line":73,"column":39},"end":{"line":73,"column":40}},"loc":{"start":{"line":73,"column":59},"end":{"line":81,"column":1}},"line":73},"5":{"name":"(anonymous_5)","decl":{"start":{"line":84,"column":34},"end":{"line":84,"column":35}},"loc":{"start":{"line":84,"column":54},"end":{"line":96,"column":1}},"line":84},"6":{"name":"(anonymous_6)","decl":{"start":{"line":98,"column":31},"end":{"line":98,"column":32}},"loc":{"start":{"line":98,"column":51},"end":{"line":107,"column":1}},"line":98}},"branchMap":{"0":{"loc":{"start":{"line":52,"column":2},"end":{"line":54,"column":3}},"type":"if","locations":[{"start":{"line":52,"column":2},"end":{"line":54,"column":3}},{"start":{"line":52,"column":2},"end":{"line":54,"column":3}}],"line":52},"1":{"loc":{"start":{"line":52,"column":6},"end":{"line":52,"column":47}},"type":"binary-expr","locations":[{"start":{"line":52,"column":6},"end":{"line":52,"column":17}},{"start":{"line":52,"column":21},"end":{"line":52,"column":30}},{"start":{"line":52,"column":34},"end":{"line":52,"column":47}}],"line":52}},"s":{"0":4,"1":4,"2":4,"3":4,"4":4,"5":4,"6":4,"7":4,"8":4,"9":4,"10":4,"11":4,"12":0,"13":4,"14":4,"15":4,"16":4,"17":4,"18":4,"19":4,"20":4,"21":0,"22":0,"23":0,"24":0,"25":0,"26":0,"27":0,"28":4,"29":0,"30":0,"31":0,"32":0,"33":0,"34":4,"35":0,"36":0,"37":0,"38":0,"39":0,"40":4,"41":0,"42":0,"43":0,"44":0,"45":0,"46":4},"f":{"0":0,"1":0,"2":0,"3":0,"4":0,"5":0,"6":0},"b":{"0":[0,0],"1":[0,0,0]},"_coverageSchema":"1a1c01bbd47fc00a2c39e90264f33305004495a9","hash":"cdf51373c1b6618ec81d69666f4a059299fa5e6c"}
,"C:\\Users\\Zim\\Desktop\\Coding\\SCACloudSchool-project-api\\server.js": {"path":"C:\\Users\\Zim\\Desktop\\Coding\\SCACloudSchool-project-api\\server.js","statementMap":{"0":{"start":{"line":1,"column":16},"end":{"line":1,"column":34}},"1":{"start":{"line":2,"column":15},"end":{"line":2,"column":34}},"2":{"start":{"line":3,"column":13},"end":{"line":3,"column":28}},"3":{"start":{"line":4,"column":15},"end":{"line":4,"column":32}},"4":{"start":{"line":6,"column":21},"end":{"line":16,"column":1}},"5":{"start":{"line":7,"column":16},"end":{"line":7,"column":25}},"6":{"start":{"line":9,"column":4},"end":{"line":9,"column":20}},"7":{"start":{"line":10,"column":4},"end":{"line":10,"column":32}},"8":{"start":{"line":11,"column":4},"end":{"line":11,"column":27}},"9":{"start":{"line":12,"column":4},"end":{"line":12,"column":52}},"10":{"start":{"line":13,"column":4},"end":{"line":13,"column":25}},"11":{"start":{"line":15,"column":4},"end":{"line":15,"column":14}},"12":{"start":{"line":18,"column":0},"end":{"line":18,"column":30}}},"fnMap":{"0":{"name":"(anonymous_0)","decl":{"start":{"line":6,"column":21},"end":{"line":6,"column":22}},"loc":{"start":{"line":6,"column":27},"end":{"line":16,"column":1}},"line":6}},"branchMap":{},"s":{"0":4,"1":4,"2":4,"3":4,"4":4,"5":0,"6":0,"7":0,"8":0,"9":0,"10":0,"11":0,"12":4},"f":{"0":0},"b":{},"_coverageSchema":"1a1c01bbd47fc00a2c39e90264f33305004495a9","hash":"b66fe22f9a820bacad6073d68d01dc50d6bbb66c"}
,"C:\\Users\\Zim\\Desktop\\Coding\\SCACloudSchool-project-api\\constants\\tests.js": {"path":"C:\\Users\\Zim\\Desktop\\Coding\\SCACloudSchool-project-api\\constants\\tests.js","statementMap":{"0":{"start":{"line":1,"column":21},"end":{"line":1,"column":32}},"1":{"start":{"line":2,"column":21},"end":{"line":2,"column":25}},"2":{"start":{"line":3,"column":20},"end":{"line":3,"column":60}},"3":{"start":{"line":5,"column":0},"end":{"line":9,"column":2}}},"fnMap":{},"branchMap":{},"s":{"0":4,"1":4,"2":4,"3":4},"f":{},"b":{},"_coverageSchema":"1a1c01bbd47fc00a2c39e90264f33305004495a9","hash":"5b79cf1d65cd3a474b8f0ff4094c56e8e04a2ba1"}
,"C:\\Users\\Zim\\Desktop\\Coding\\SCACloudSchool-project-api\\controllers\\image.js": {"path":"C:\\Users\\Zim\\Desktop\\Coding\\SCACloudSchool-project-api\\controllers\\image.js","statementMap":{"0":{"start":{"line":2,"column":17},"end":{"line":2,"column":36}},"1":{"start":{"line":3,"column":16},"end":{"line":3,"column":40}},"2":{"start":{"line":5,"column":12},"end":{"line":7,"column":2}},"3":{"start":{"line":9,"column":22},"end":{"line":17,"column":1}},"4":{"start":{"line":9,"column":28},"end":{"line":17,"column":1}},"5":{"start":{"line":10,"column":2},"end":{"line":16,"column":71}},"6":{"start":{"line":14,"column":6},"end":{"line":14,"column":21}},"7":{"start":{"line":16,"column":20},"end":{"line":16,"column":69}},"8":{"start":{"line":19,"column":24},"end":{"line":30,"column":1}},"9":{"start":{"line":19,"column":30},"end":{"line":30,"column":1}},"10":{"start":{"line":20,"column":17},"end":{"line":20,"column":25}},"11":{"start":{"line":22,"column":2},"end":{"line":29,"column":65}},"12":{"start":{"line":27,"column":6},"end":{"line":27,"column":27}},"13":{"start":{"line":29,"column":18},"end":{"line":29,"column":63}},"14":{"start":{"line":32,"column":0},"end":{"line":35,"column":2}}},"fnMap":{"0":{"name":"(anonymous_0)","decl":{"start":{"line":9,"column":22},"end":{"line":9,"column":23}},"loc":{"start":{"line":9,"column":28},"end":{"line":17,"column":1}},"line":9},"1":{"name":"(anonymous_1)","decl":{"start":{"line":9,"column":28},"end":{"line":9,"column":29}},"loc":{"start":{"line":9,"column":42},"end":{"line":17,"column":1}},"line":9},"2":{"name":"(anonymous_2)","decl":{"start":{"line":13,"column":10},"end":{"line":13,"column":11}},"loc":{"start":{"line":13,"column":20},"end":{"line":15,"column":5}},"line":13},"3":{"name":"(anonymous_3)","decl":{"start":{"line":16,"column":11},"end":{"line":16,"column":12}},"loc":{"start":{"line":16,"column":20},"end":{"line":16,"column":69}},"line":16},"4":{"name":"(anonymous_4)","decl":{"start":{"line":19,"column":24},"end":{"line":19,"column":25}},"loc":{"start":{"line":19,"column":30},"end":{"line":30,"column":1}},"line":19},"5":{"name":"(anonymous_5)","decl":{"start":{"line":19,"column":30},"end":{"line":19,"column":31}},"loc":{"start":{"line":19,"column":44},"end":{"line":30,"column":1}},"line":19},"6":{"name":"(anonymous_6)","decl":{"start":{"line":26,"column":10},"end":{"line":26,"column":11}},"loc":{"start":{"line":26,"column":21},"end":{"line":28,"column":5}},"line":26},"7":{"name":"(anonymous_7)","decl":{"start":{"line":29,"column":11},"end":{"line":29,"column":12}},"loc":{"start":{"line":29,"column":18},"end":{"line":29,"column":63}},"line":29}},"branchMap":{},"s":{"0":4,"1":4,"2":4,"3":4,"4":4,"5":0,"6":0,"7":0,"8":4,"9":4,"10":0,"11":0,"12":0,"13":0,"14":4},"f":{"0":4,"1":0,"2":0,"3":0,"4":4,"5":0,"6":0,"7":0},"b":{},"_coverageSchema":"1a1c01bbd47fc00a2c39e90264f33305004495a9","hash":"2d24709c476e6f376e20b39a5a8d3f8d6bc41514"}
,"C:\\Users\\Zim\\Desktop\\Coding\\SCACloudSchool-project-api\\controllers\\meeting.js": {"path":"C:\\Users\\Zim\\Desktop\\Coding\\SCACloudSchool-project-api\\controllers\\meeting.js","statementMap":{"0":{"start":{"line":2,"column":23},"end":{"line":9,"column":1}},"1":{"start":{"line":2,"column":31},"end":{"line":9,"column":1}},"2":{"start":{"line":3,"column":2},"end":{"line":8,"column":3}},"3":{"start":{"line":4,"column":21},"end":{"line":4,"column":41}},"4":{"start":{"line":5,"column":4},"end":{"line":5,"column":42}},"5":{"start":{"line":7,"column":4},"end":{"line":7,"column":71}},"6":{"start":{"line":60,"column":0},"end":{"line":63,"column":2}}},"fnMap":{"0":{"name":"(anonymous_0)","decl":{"start":{"line":2,"column":23},"end":{"line":2,"column":24}},"loc":{"start":{"line":2,"column":31},"end":{"line":9,"column":1}},"line":2},"1":{"name":"(anonymous_1)","decl":{"start":{"line":2,"column":31},"end":{"line":2,"column":32}},"loc":{"start":{"line":2,"column":51},"end":{"line":9,"column":1}},"line":2}},"branchMap":{},"s":{"0":4,"1":4,"2":0,"3":0,"4":0,"5":0,"6":4},"f":{"0":4,"1":0},"b":{},"_coverageSchema":"1a1c01bbd47fc00a2c39e90264f33305004495a9","hash":"bb433f8e13dbe12439b63cd798a4b6e33ced643a"}
,"C:\\Users\\Zim\\Desktop\\Coding\\SCACloudSchool-project-api\\controllers\\profile.js": {"path":"C:\\Users\\Zim\\Desktop\\Coding\\SCACloudSchool-project-api\\controllers\\profile.js","statementMap":{"0":{"start":{"line":1,"column":19},"end":{"line":11,"column":1}},"1":{"start":{"line":1,"column":27},"end":{"line":11,"column":1}},"2":{"start":{"line":2,"column":17},"end":{"line":2,"column":27}},"3":{"start":{"line":4,"column":2},"end":{"line":10,"column":64}},"4":{"start":{"line":8,"column":6},"end":{"line":8,"column":36}},"5":{"start":{"line":10,"column":20},"end":{"line":10,"column":62}},"6":{"start":{"line":13,"column":22},"end":{"line":33,"column":1}},"7":{"start":{"line":13,"column":30},"end":{"line":33,"column":1}},"8":{"start":{"line":14,"column":17},"end":{"line":14,"column":27}},"9":{"start":{"line":15,"column":38},"end":{"line":15,"column":56}},"10":{"start":{"line":17,"column":2},"end":{"line":19,"column":3}},"11":{"start":{"line":18,"column":4},"end":{"line":18,"column":61}},"12":{"start":{"line":21,"column":2},"end":{"line":32,"column":65}},"13":{"start":{"line":26,"column":6},"end":{"line":30,"column":7}},"14":{"start":{"line":27,"column":8},"end":{"line":27,"column":55}},"15":{"start":{"line":29,"column":8},"end":{"line":29,"column":49}},"16":{"start":{"line":32,"column":20},"end":{"line":32,"column":63}},"17":{"start":{"line":35,"column":0},"end":{"line":38,"column":2}}},"fnMap":{"0":{"name":"(anonymous_0)","decl":{"start":{"line":1,"column":19},"end":{"line":1,"column":20}},"loc":{"start":{"line":1,"column":27},"end":{"line":11,"column":1}},"line":1},"1":{"name":"(anonymous_1)","decl":{"start":{"line":1,"column":27},"end":{"line":1,"column":28}},"loc":{"start":{"line":1,"column":41},"end":{"line":11,"column":1}},"line":1},"2":{"name":"(anonymous_2)","decl":{"start":{"line":7,"column":10},"end":{"line":7,"column":11}},"loc":{"start":{"line":7,"column":20},"end":{"line":9,"column":5}},"line":7},"3":{"name":"(anonymous_3)","decl":{"start":{"line":10,"column":11},"end":{"line":10,"column":12}},"loc":{"start":{"line":10,"column":20},"end":{"line":10,"column":62}},"line":10},"4":{"name":"(anonymous_4)","decl":{"start":{"line":13,"column":22},"end":{"line":13,"column":23}},"loc":{"start":{"line":13,"column":30},"end":{"line":33,"column":1}},"line":13},"5":{"name":"(anonymous_5)","decl":{"start":{"line":13,"column":30},"end":{"line":13,"column":31}},"loc":{"start":{"line":13,"column":44},"end":{"line":33,"column":1}},"line":13},"6":{"name":"(anonymous_6)","decl":{"start":{"line":25,"column":10},"end":{"line":25,"column":11}},"loc":{"start":{"line":25,"column":20},"end":{"line":31,"column":5}},"line":25},"7":{"name":"(anonymous_7)","decl":{"start":{"line":32,"column":11},"end":{"line":32,"column":12}},"loc":{"start":{"line":32,"column":20},"end":{"line":32,"column":63}},"line":32}},"branchMap":{"0":{"loc":{"start":{"line":17,"column":2},"end":{"line":19,"column":3}},"type":"if","locations":[{"start":{"line":17,"column":2},"end":{"line":19,"column":3}},{"start":{"line":17,"column":2},"end":{"line":19,"column":3}}],"line":17},"1":{"loc":{"start":{"line":17,"column":6},"end":{"line":17,"column":36}},"type":"binary-expr","locations":[{"start":{"line":17,"column":6},"end":{"line":17,"column":11}},{"start":{"line":17,"column":15},"end":{"line":17,"column":26}},{"start":{"line":17,"column":30},"end":{"line":17,"column":36}}],"line":17},"2":{"loc":{"start":{"line":26,"column":6},"end":{"line":30,"column":7}},"type":"if","locations":[{"start":{"line":26,"column":6},"end":{"line":30,"column":7}},{"start":{"line":26,"column":6},"end":{"line":30,"column":7}}],"line":26}},"s":{"0":4,"1":4,"2":0,"3":0,"4":0,"5":0,"6":4,"7":4,"8":0,"9":0,"10":0,"11":0,"12":0,"13":0,"14":0,"15":0,"16":0,"17":4},"f":{"0":4,"1":0,"2":0,"3":0,"4":4,"5":0,"6":0,"7":0},"b":{"0":[0,0],"1":[0,0,0],"2":[0,0]},"_coverageSchema":"1a1c01bbd47fc00a2c39e90264f33305004495a9","hash":"a4b38de39ed8379e78a856e2638f93a2fd0b1a04"}
,"C:\\Users\\Zim\\Desktop\\Coding\\SCACloudSchool-project-api\\controllers\\signin.js": {"path":"C:\\Users\\Zim\\Desktop\\Coding\\SCACloudSchool-project-api\\controllers\\signin.js","statementMap":{"0":{"start":{"line":2,"column":21},"end":{"line":26,"column":1}},"1":{"start":{"line":2,"column":37},"end":{"line":26,"column":1}},"2":{"start":{"line":3,"column":30},"end":{"line":3,"column":38}},"3":{"start":{"line":4,"column":2},"end":{"line":6,"column":3}},"4":{"start":{"line":5,"column":4},"end":{"line":5,"column":61}},"5":{"start":{"line":7,"column":2},"end":{"line":25,"column":61}},"6":{"start":{"line":11,"column":22},"end":{"line":11,"column":64}},"7":{"start":{"line":12,"column":6},"end":{"line":23,"column":7}},"8":{"start":{"line":13,"column":8},"end":{"line":20,"column":68}},"9":{"start":{"line":18,"column":12},"end":{"line":18,"column":49}},"10":{"start":{"line":20,"column":24},"end":{"line":20,"column":66}},"11":{"start":{"line":22,"column":8},"end":{"line":22,"column":50}},"12":{"start":{"line":25,"column":18},"end":{"line":25,"column":59}},"13":{"start":{"line":28,"column":0},"end":{"line":30,"column":1}}},"fnMap":{"0":{"name":"(anonymous_0)","decl":{"start":{"line":2,"column":21},"end":{"line":2,"column":22}},"loc":{"start":{"line":2,"column":37},"end":{"line":26,"column":1}},"line":2},"1":{"name":"(anonymous_1)","decl":{"start":{"line":2,"column":37},"end":{"line":2,"column":38}},"loc":{"start":{"line":2,"column":51},"end":{"line":26,"column":1}},"line":2},"2":{"name":"(anonymous_2)","decl":{"start":{"line":10,"column":10},"end":{"line":10,"column":11}},"loc":{"start":{"line":10,"column":18},"end":{"line":24,"column":5}},"line":10},"3":{"name":"(anonymous_3)","decl":{"start":{"line":17,"column":16},"end":{"line":17,"column":17}},"loc":{"start":{"line":17,"column":24},"end":{"line":19,"column":11}},"line":17},"4":{"name":"(anonymous_4)","decl":{"start":{"line":20,"column":17},"end":{"line":20,"column":18}},"loc":{"start":{"line":20,"column":24},"end":{"line":20,"column":66}},"line":20},"5":{"name":"(anonymous_5)","decl":{"start":{"line":25,"column":11},"end":{"line":25,"column":12}},"loc":{"start":{"line":25,"column":18},"end":{"line":25,"column":59}},"line":25}},"branchMap":{"0":{"loc":{"start":{"line":4,"column":2},"end":{"line":6,"column":3}},"type":"if","locations":[{"start":{"line":4,"column":2},"end":{"line":6,"column":3}},{"start":{"line":4,"column":2},"end":{"line":6,"column":3}}],"line":4},"1":{"loc":{"start":{"line":4,"column":6},"end":{"line":4,"column":25}},"type":"binary-expr","locations":[{"start":{"line":4,"column":6},"end":{"line":4,"column":12}},{"start":{"line":4,"column":16},"end":{"line":4,"column":25}}],"line":4},"2":{"loc":{"start":{"line":12,"column":6},"end":{"line":23,"column":7}},"type":"if","locations":[{"start":{"line":12,"column":6},"end":{"line":23,"column":7}},{"start":{"line":12,"column":6},"end":{"line":23,"column":7}}],"line":12}},"s":{"0":4,"1":4,"2":0,"3":0,"4":0,"5":0,"6":0,"7":0,"8":0,"9":0,"10":0,"11":0,"12":0,"13":4},"f":{"0":4,"1":0,"2":0,"3":0,"4":0,"5":0},"b":{"0":[0,0],"1":[0,0],"2":[0,0]},"_coverageSchema":"1a1c01bbd47fc00a2c39e90264f33305004495a9","hash":"59f0a23cc08c3a77222b959ae30181f0fe23c8fa"}
,"C:\\Users\\Zim\\Desktop\\Coding\\SCACloudSchool-project-api\\controllers\\signup.js": {"path":"C:\\Users\\Zim\\Desktop\\Coding\\SCACloudSchool-project-api\\controllers\\signup.js","statementMap":{"0":{"start":{"line":1,"column":21},"end":{"line":31,"column":1}},"1":{"start":{"line":1,"column":37},"end":{"line":31,"column":1}},"2":{"start":{"line":2,"column":36},"end":{"line":2,"column":44}},"3":{"start":{"line":3,"column":2},"end":{"line":5,"column":3}},"4":{"start":{"line":4,"column":4},"end":{"line":4,"column":61}},"5":{"start":{"line":7,"column":15},"end":{"line":7,"column":40}},"6":{"start":{"line":8,"column":2},"end":{"line":30,"column":61}},"7":{"start":{"line":9,"column":4},"end":{"line":29,"column":27}},"8":{"start":{"line":17,"column":8},"end":{"line":26,"column":13}},"9":{"start":{"line":25,"column":12},"end":{"line":25,"column":42}},"10":{"start":{"line":30,"column":18},"end":{"line":30,"column":59}},"11":{"start":{"line":33,"column":0},"end":{"line":35,"column":2}}},"fnMap":{"0":{"name":"(anonymous_0)","decl":{"start":{"line":1,"column":21},"end":{"line":1,"column":22}},"loc":{"start":{"line":1,"column":37},"end":{"line":31,"column":1}},"line":1},"1":{"name":"(anonymous_1)","decl":{"start":{"line":1,"column":37},"end":{"line":1,"column":38}},"loc":{"start":{"line":1,"column":51},"end":{"line":31,"column":1}},"line":1},"2":{"name":"(anonymous_2)","decl":{"start":{"line":8,"column":17},"end":{"line":8,"column":18}},"loc":{"start":{"line":8,"column":24},"end":{"line":30,"column":3}},"line":8},"3":{"name":"(anonymous_3)","decl":{"start":{"line":16,"column":12},"end":{"line":16,"column":13}},"loc":{"start":{"line":16,"column":26},"end":{"line":27,"column":7}},"line":16},"4":{"name":"(anonymous_4)","decl":{"start":{"line":24,"column":16},"end":{"line":24,"column":17}},"loc":{"start":{"line":24,"column":24},"end":{"line":26,"column":11}},"line":24},"5":{"name":"(anonymous_5)","decl":{"start":{"line":30,"column":11},"end":{"line":30,"column":12}},"loc":{"start":{"line":30,"column":18},"end":{"line":30,"column":59}},"line":30}},"branchMap":{"0":{"loc":{"start":{"line":3,"column":2},"end":{"line":5,"column":3}},"type":"if","locations":[{"start":{"line":3,"column":2},"end":{"line":5,"column":3}},{"start":{"line":3,"column":2},"end":{"line":5,"column":3}}],"line":3},"1":{"loc":{"start":{"line":3,"column":6},"end":{"line":3,"column":34}},"type":"binary-expr","locations":[{"start":{"line":3,"column":6},"end":{"line":3,"column":12}},{"start":{"line":3,"column":16},"end":{"line":3,"column":25}},{"start":{"line":3,"column":29},"end":{"line":3,"column":34}}],"line":3}},"s":{"0":4,"1":4,"2":0,"3":0,"4":0,"5":0,"6":0,"7":0,"8":0,"9":0,"10":0,"11":4},"f":{"0":4,"1":0,"2":0,"3":0,"4":0,"5":0},"b":{"0":[0,0],"1":[0,0,0]},"_coverageSchema":"1a1c01bbd47fc00a2c39e90264f33305004495a9","hash":"b4b0c0be7b6076480abe5e31e86551a66d755e40"}
}
