TN:
SF:config.js
FNF:0
FNH:0
DA:3,3
DA:5,3
LF:2
LH:2
BRF:0
BRH:0
end_of_record
TN:
SF:routes.js
FN:25,(anonymous_0)
FN:47,(anonymous_1)
FN:63,(anonymous_2)
FN:66,(anonymous_3)
FN:72,(anonymous_4)
FN:85,(anonymous_5)
FN:99,(anonymous_6)
FNF:7
FNH:0
FNDA:0,(anonymous_0)
FNDA:0,(anonymous_1)
FNDA:0,(anonymous_2)
FNDA:0,(anonymous_3)
FNDA:0,(anonymous_4)
FNDA:0,(anonymous_5)
FNDA:0,(anonymous_6)
DA:2,3
DA:5,3
DA:6,3
DA:7,3
DA:8,3
DA:11,3
DA:12,3
DA:13,3
DA:14,3
DA:15,3
DA:18,3
DA:25,3
DA:26,0
DA:27,0
DA:28,0
DA:30,0
DA:34,3
DA:36,3
DA:38,3
DA:39,3
DA:41,3
DA:42,3
DA:44,3
DA:47,3
DA:48,0
DA:49,0
DA:51,0
DA:52,0
DA:55,0
DA:64,0
DA:67,0
DA:72,3
DA:73,0
DA:75,0
DA:76,0
DA:78,0
DA:80,0
DA:85,3
DA:86,0
DA:88,0
DA:89,0
DA:93,0
DA:95,0
DA:99,3
DA:100,0
DA:102,0
DA:103,0
DA:104,0
DA:106,0
DA:110,3
LF:50
LH:24
BRDA:51,0,0,0
BRDA:51,0,1,0
BRDA:51,1,0,0
BRDA:51,1,1,0
BRDA:51,1,2,0
BRF:5
BRH:0
end_of_record
TN:
SF:server.js
FN:6,(anonymous_0)
FNF:1
FNH:0
FNDA:0,(anonymous_0)
DA:1,3
DA:2,3
DA:3,3
DA:4,3
DA:6,3
DA:7,0
DA:9,0
DA:10,0
DA:11,0
DA:12,0
DA:13,0
DA:15,0
DA:18,3
LF:13
LH:6
BRF:0
BRH:0
end_of_record
TN:
SF:constants\tests.js
FNF:0
FNH:0
DA:1,3
DA:2,3
DA:3,3
DA:5,3
LF:4
LH:4
BRF:0
BRH:0
end_of_record
TN:
SF:controllers\image.js
FN:9,(anonymous_0)
FN:9,(anonymous_1)
FN:13,(anonymous_2)
FN:16,(anonymous_3)
FN:19,(anonymous_4)
FN:19,(anonymous_5)
FN:26,(anonymous_6)
FN:29,(anonymous_7)
FNF:8
FNH:2
FNDA:3,(anonymous_0)
FNDA:0,(anonymous_1)
FNDA:0,(anonymous_2)
FNDA:0,(anonymous_3)
FNDA:3,(anonymous_4)
FNDA:0,(anonymous_5)
FNDA:0,(anonymous_6)
FNDA:0,(anonymous_7)
DA:2,3
DA:3,3
DA:5,3
DA:9,3
DA:10,0
DA:14,0
DA:16,0
DA:19,3
DA:20,0
DA:22,0
DA:27,0
DA:29,0
DA:32,3
LF:13
LH:6
BRF:0
BRH:0
end_of_record
TN:
SF:controllers\meeting.js
FN:2,(anonymous_0)
FN:2,(anonymous_1)
FNF:2
FNH:1
FNDA:3,(anonymous_0)
FNDA:0,(anonymous_1)
DA:2,3
DA:3,0
DA:4,0
DA:5,0
DA:7,0
DA:60,3
LF:6
LH:2
BRF:0
BRH:0
end_of_record
TN:
SF:controllers\profile.js
FN:1,(anonymous_0)
FN:1,(anonymous_1)
FN:7,(anonymous_2)
FN:10,(anonymous_3)
FN:13,(anonymous_4)
FN:13,(anonymous_5)
FN:25,(anonymous_6)
FN:32,(anonymous_7)
FNF:8
FNH:2
FNDA:3,(anonymous_0)
FNDA:0,(anonymous_1)
FNDA:0,(anonymous_2)
FNDA:0,(anonymous_3)
FNDA:3,(anonymous_4)
FNDA:0,(anonymous_5)
FNDA:0,(anonymous_6)
FNDA:0,(anonymous_7)
DA:1,3
DA:2,0
DA:4,0
DA:8,0
DA:10,0
DA:13,3
DA:14,0
DA:15,0
DA:17,0
DA:18,0
DA:21,0
DA:26,0
DA:27,0
DA:29,0
DA:32,0
DA:35,3
LF:16
LH:3
BRDA:17,0,0,0
BRDA:17,0,1,0
BRDA:17,1,0,0
BRDA:17,1,1,0
BRDA:17,1,2,0
BRDA:26,2,0,0
BRDA:26,2,1,0
BRF:7
BRH:0
end_of_record
TN:
SF:controllers\signin.js
FN:2,(anonymous_0)
FN:2,(anonymous_1)
FN:10,(anonymous_2)
FN:17,(anonymous_3)
FN:20,(anonymous_4)
FN:25,(anonymous_5)
FNF:6
FNH:1
FNDA:3,(anonymous_0)
FNDA:0,(anonymous_1)
FNDA:0,(anonymous_2)
FNDA:0,(anonymous_3)
FNDA:0,(anonymous_4)
FNDA:0,(anonymous_5)
DA:2,3
DA:3,0
DA:4,0
DA:5,0
DA:7,0
DA:11,0
DA:12,0
DA:13,0
DA:18,0
DA:20,0
DA:22,0
DA:25,0
DA:28,3
LF:13
LH:2
BRDA:4,0,0,0
BRDA:4,0,1,0
BRDA:4,1,0,0
BRDA:4,1,1,0
BRDA:12,2,0,0
BRDA:12,2,1,0
BRF:6
BRH:0
end_of_record
TN:
SF:controllers\signup.js
FN:1,(anonymous_0)
FN:1,(anonymous_1)
FN:8,(anonymous_2)
FN:16,(anonymous_3)
FN:24,(anonymous_4)
FN:30,(anonymous_5)
FNF:6
FNH:1
FNDA:3,(anonymous_0)
FNDA:0,(anonymous_1)
FNDA:0,(anonymous_2)
FNDA:0,(anonymous_3)
FNDA:0,(anonymous_4)
FNDA:0,(anonymous_5)
DA:1,3
DA:2,0
DA:3,0
DA:4,0
DA:7,0
DA:8,0
DA:9,0
DA:17,0
DA:25,0
DA:30,0
DA:33,3
LF:11
LH:2
BRDA:3,0,0,0
BRDA:3,0,1,0
BRDA:3,1,0,0
BRDA:3,1,1,0
BRDA:3,1,2,0
BRF:5
BRH:0
end_of_record
